<?xml version="1.0" encoding="UTF-8"?>
<coverage generated="1522416506599" clover="3.2.0">
  <project timestamp="1522416506599" name="All files">
    <metrics statements="9" coveredstatements="9" conditionals="0" coveredconditionals="0" methods="9" coveredmethods="9" elements="18" coveredelements="18" complexity="0" loc="9" ncloc="9" packages="1" files="2" classes="2">
      <file name="index.js" path="D:\Workspace\POC\node-unit-test\src\index.js">
        <metrics statements="2" coveredstatements="2" conditionals="0" coveredconditionals="0" methods="3" coveredmethods="3"/>
        <line num="7" count="4" type="stmt"/>
        <line num="11" count="4" type="stmt"/>
      </file>
      <file name="rest.api.js" path="D:\Workspace\POC\node-unit-test\src\rest.api.js">
        <metrics statements="7" coveredstatements="7" conditionals="0" coveredconditionals="0" methods="6" coveredmethods="6"/>
        <line num="1" count="1" type="stmt"/>
        <line num="7" count="1" type="stmt"/>
        <line num="11" count="1" type="stmt"/>
        <line num="12" count="1" type="stmt"/>
        <line num="17" count="1" type="stmt"/>
        <line num="21" count="1" type="stmt"/>
        <line num="22" count="1" type="stmt"/>
      </file>
    </metrics>
  </project>
</coverage>
